生成启动时间为 2013/4/28 16:52:48。
     1>项目“C:\Users\xy\Documents\GitHub\GenieWin8\GenieWin8Demo\GenieWin8Demo\GenieWin8Demo.vcxproj”在节点 2 上(Build 个目标)。
     1>ClCompile:
         C:\Program Files\Microsoft Visual Studio 11.0\VC\bin\CL.exe /c /IC:\Users\xy\Documents\GitHub\GenieWin8\GenieWin8Demo\GenieWin8Demo\ /I"Generated Files\\" /IDebug\ /ZI /ZW /ZW:nostdlib /nologo /W3 /WX- /sdl /MP /Od /Oy- /D _UNICODE /D UNICODE /D _DEBUG /D WINAPI_FAMILY=WINAPI_FAMILY_APP /Gm- /EHsc /RTC1 /MDd /GS /fp:precise /Zc:wchar_t /Zc:forScope /Yu"pch.h" /Fp"Debug\GenieWin8Demo.pch" /Fo"Debug\\" /Fd"Debug\vc110.pdb" /Gd /TP /wd4453 /FU"C:\Program Files\Microsoft SDKs\Windows\v8.0\ExtensionSDKs\Microsoft.VCLibs\11.0\References\CommonConfiguration\neutral\platform.winmd" /FU"C:\Program Files\Windows Kits\8.0\References\CommonConfiguration\Neutral\Windows.winmd" /FU"C:\Program Files\Windows Kits\8.0\References\CommonConfiguration\Neutral\Windows.winmd" /analyze- /errorReport:prompt /bigobj App.xaml.cpp LoginPage.xaml.cpp MainPage.xaml.cpp
         App.xaml.cpp
         LoginPage.xaml.cpp
         MainPage.xaml.cpp
       CreateWinMD:
         C:\Program Files\Microsoft Visual Studio 11.0\VC\bin\link.exe /ERRORREPORT:PROMPT /OUT:"C:\Users\xy\Documents\GitHub\GenieWin8\GenieWin8Demo\Debug\GenieWin8Demo\GenieWin8Demo.exe" /INCREMENTAL /NOLOGO kernel32.lib /MANIFEST:NO /DEBUG /PDB:"C:\Users\xy\Documents\GitHub\GenieWin8\GenieWin8Demo\Debug\GenieWin8Demo\GenieWin8Demo.pdb" /SUBSYSTEM:WINDOWS /TLBID:1 /APPCONTAINER /WINMD:ONLY /WINMDFILE:"C:\Users\xy\Documents\GitHub\GenieWin8\GenieWin8Demo\Debug\GenieWin8Demo\GenieWin8Demo.winmd" /DYNAMICBASE /NXCOMPAT /MACHINE:X86 Debug\App.xaml.obj
         Debug\BindableBase.obj
         Debug\BooleanToVisibilityConverter.obj
         Debug\BooleanNegationConverter.obj
         Debug\LayoutAwarePage.obj
         Debug\RichTextColumns.obj
         Debug\SuspensionManager.obj
         Debug\LoginPage.xaml.obj
         Debug\MainPage.xaml.obj
         Debug\MainPageModel.obj
         Debug\pch.obj
         Debug\PopupAbout.xaml.obj
         Debug\PopupLicense.xaml.obj
         Debug\WifiSettingPage.xaml.obj
         Debug\XamlTypeInfo.Impl.g.obj
       CompileXamlGeneratedFiles:
         C:\Program Files\Microsoft Visual Studio 11.0\VC\bin\CL.exe /c /IC:\Users\xy\Documents\GitHub\GenieWin8\GenieWin8Demo\GenieWin8Demo\ /I"Generated Files\\" /IDebug\ /ZI /ZW /ZW:nostdlib /nologo /W3 /WX- /sdl /MP /Od /Oy- /D _UNICODE /D UNICODE /D _DEBUG /D WINAPI_FAMILY=WINAPI_FAMILY_APP /Gm- /EHsc /RTC1 /MDd /GS /fp:precise /Zc:wchar_t /Zc:forScope /Yu"pch.h" /Fp"Debug\GenieWin8Demo.pch" /Fo"Debug\\" /Fd"Debug\vc110.pdb" /Gd /TP /wd4453 /FU"C:\Program Files\Microsoft SDKs\Windows\v8.0\ExtensionSDKs\Microsoft.VCLibs\11.0\References\CommonConfiguration\neutral\platform.winmd" /FU"C:\Program Files\Windows Kits\8.0\References\CommonConfiguration\Neutral\Windows.winmd" /FU"C:\Program Files\Windows Kits\8.0\References\CommonConfiguration\Neutral\Windows.winmd" /analyze- /errorReport:prompt /bigobj "Generated Files\XamlTypeInfo.g.cpp"
         XamlTypeInfo.g.cpp
       Link:
         C:\Program Files\Microsoft Visual Studio 11.0\VC\bin\link.exe /ERRORREPORT:PROMPT /OUT:"C:\Users\xy\Documents\GitHub\GenieWin8\GenieWin8Demo\Debug\GenieWin8Demo\GenieWin8Demo.exe" /INCREMENTAL /NOLOGO kernel32.lib /MANIFEST:NO /DEBUG /PDB:"C:\Users\xy\Documents\GitHub\GenieWin8\GenieWin8Demo\Debug\GenieWin8Demo\GenieWin8Demo.pdb" /SUBSYSTEM:WINDOWS /TLBID:1 /APPCONTAINER /WINMD:NO /WINMDFILE:"C:\Users\xy\Documents\GitHub\GenieWin8\GenieWin8Demo\Debug\GenieWin8Demo\GenieWin8Demo.winmd" /DYNAMICBASE /NXCOMPAT /MACHINE:X86 Debug\App.xaml.obj
         Debug\BindableBase.obj
         Debug\BooleanToVisibilityConverter.obj
         Debug\BooleanNegationConverter.obj
         Debug\LayoutAwarePage.obj
         Debug\RichTextColumns.obj
         Debug\SuspensionManager.obj
         Debug\LoginPage.xaml.obj
         Debug\MainPage.xaml.obj
         Debug\MainPageModel.obj
         Debug\pch.obj
         Debug\PopupAbout.xaml.obj
         Debug\PopupLicense.xaml.obj
         Debug\WifiSettingPage.xaml.obj
         Debug\XamlTypeInfo.Impl.g.obj
         Debug\XamlTypeInfo.g.obj
            正在创建库 C:\Users\xy\Documents\GitHub\GenieWin8\GenieWin8Demo\Debug\GenieWin8Demo\GenieWin8Demo.lib 和对象 C:\Users\xy\Documents\GitHub\GenieWin8\GenieWin8Demo\Debug\GenieWin8Demo\GenieWin8Demo.exp
         GenieWin8Demo.vcxproj -> C:\Users\xy\Documents\GitHub\GenieWin8\GenieWin8Demo\Debug\GenieWin8Demo\GenieWin8Demo.exe
     1>已完成生成项目“C:\Users\xy\Documents\GitHub\GenieWin8\GenieWin8Demo\GenieWin8Demo\GenieWin8Demo.vcxproj”(Build 个目标)的操作。

生成成功。

已用时间 00:00:10.75
